Looking for git in: git
Using git 2.20.1 from git
> git rev-parse --git-dir
Open repository: /home/brett/newMathematicsNotebooks
> git status -z -u
> git symbolic-ref --short HEAD
> git for-each-ref --format=%(refname)%00%(upstream:short)%00%(upstream:track)%00%(objectname) refs/heads/master refs/remotes/master
> git for-each-ref --sort -committerdate --format %(refname) %(objectname) %(*objectname)
> git remote --verbose
> git config --get commit.template
> git check-ignore -v -z --stdin
> git show --textconv :index.html
> git ls-files --stage -- /home/brett/newMathematicsNotebooks/index.html
> git cat-file -s 8966c56d651ffc27798e06d5d96f7b5e90060d62
> git show --textconv :js/models/math.js
> git ls-files --stage -- /home/brett/newMathematicsNotebooks/js/models/math.js
> git cat-file -s 40aafbbee15e1afc497f6f1c739ce7d1e0976f71
> git show --textconv :index.html
> git ls-files --stage -- /home/brett/newMathematicsNotebooks/index.html
> git cat-file -s 8966c56d651ffc27798e06d5d96f7b5e90060d62
> git show --textconv :js/models/math.js
> git ls-files --stage -- /home/brett/newMathematicsNotebooks/js/models/math.js
> git cat-file -s 40aafbbee15e1afc497f6f1c739ce7d1e0976f71
> git show --textconv :index.html
> git ls-files --stage -- /home/brett/newMathematicsNotebooks/index.html
> git cat-file -s 8966c56d651ffc27798e06d5d96f7b5e90060d62
> git show --textconv :js/components/mathController.js
> git ls-files --stage -- /home/brett/newMathematicsNotebooks/js/components/mathController.js
> git cat-file -s a69c801eb4b58d5a3e160daa43e73313738ea254
> git status -z -u
> git symbolic-ref --short HEAD
> git for-each-ref --format=%(refname)%00%(upstream:short)%00%(upstream:track)%00%(objectname) refs/heads/master refs/remotes/master
> git for-each-ref --sort -committerdate --format %(refname) %(objectname) %(*objectname)
> git remote --verbose
> git config --get commit.template
> git show --textconv :index.html
> git ls-files --stage -- /home/brett/newMathematicsNotebooks/index.html
> git cat-file -s 8966c56d651ffc27798e06d5d96f7b5e90060d62
> git show --textconv :js/components/mathController.js
> git ls-files --stage -- /home/brett/newMathematicsNotebooks/js/components/mathController.js
> git cat-file -s a69c801eb4b58d5a3e160daa43e73313738ea254
> git show --textconv :index.html
> git ls-files --stage -- /home/brett/newMathematicsNotebooks/index.html
> git cat-file -s 8966c56d651ffc27798e06d5d96f7b5e90060d62
> git status -z -u
> git symbolic-ref --short HEAD
> git for-each-ref --format=%(refname)%00%(upstream:short)%00%(upstream:track)%00%(objectname) refs/heads/master refs/remotes/master
> git for-each-ref --sort -committerdate --format %(refname) %(objectname) %(*objectname)
> git remote --verbose
> git config --get commit.template
> git status -z -u
> git symbolic-ref --short HEAD
> git for-each-ref --format=%(refname)%00%(upstream:short)%00%(upstream:track)%00%(objectname) refs/heads/master refs/remotes/master
> git for-each-ref --sort -committerdate --format %(refname) %(objectname) %(*objectname)
> git remote --verbose
> git config --get commit.template
> git status -z -u
> git symbolic-ref --short HEAD
> git for-each-ref --format=%(refname)%00%(upstream:short)%00%(upstream:track)%00%(objectname) refs/heads/master refs/remotes/master
> git for-each-ref --sort -committerdate --format %(refname) %(objectname) %(*objectname)
> git remote --verbose
> git config --get commit.template
> git show --textconv :js/components/mathController.js
> git ls-files --stage -- /home/brett/newMathematicsNotebooks/js/components/mathController.js
> git cat-file -s a69c801eb4b58d5a3e160daa43e73313738ea254
> git show --textconv :index.html
> git ls-files --stage -- /home/brett/newMathematicsNotebooks/index.html
> git cat-file -s 8966c56d651ffc27798e06d5d96f7b5e90060d62
> git status -z -u
> git symbolic-ref --short HEAD
> git for-each-ref --format=%(refname)%00%(upstream:short)%00%(upstream:track)%00%(objectname) refs/heads/master refs/remotes/master
> git for-each-ref --sort -committerdate --format %(refname) %(objectname) %(*objectname)
> git remote --verbose
> git config --get commit.template
> git status -z -u
> git symbolic-ref --short HEAD
> git for-each-ref --format=%(refname)%00%(upstream:short)%00%(upstream:track)%00%(objectname) refs/heads/master refs/remotes/master
> git for-each-ref --sort -committerdate --format %(refname) %(objectname) %(*objectname)
> git remote --verbose
> git config --get commit.template
> git show --textconv :js/course.js
> git ls-files --stage -- /home/brett/newMathematicsNotebooks/js/course.js
> git check-ignore -v -z --stdin
> git status -z -u
> git symbolic-ref --short HEAD
> git for-each-ref --format=%(refname)%00%(upstream:short)%00%(upstream:track)%00%(objectname) refs/heads/master refs/remotes/master
> git for-each-ref --sort -committerdate --format %(refname) %(objectname) %(*objectname)
> git remote --verbose
> git config --get commit.template
> git show --textconv :js/components/mathController.js
> git ls-files --stage -- /home/brett/newMathematicsNotebooks/js/components/mathController.js
> git cat-file -s a69c801eb4b58d5a3e160daa43e73313738ea254
> git status -z -u
> git symbolic-ref --short HEAD
> git for-each-ref --format=%(refname)%00%(upstream:short)%00%(upstream:track)%00%(objectname) refs/heads/master refs/remotes/master
> git for-each-ref --sort -committerdate --format %(refname) %(objectname) %(*objectname)
> git remote --verbose
> git config --get commit.template
> git show --textconv :js/course.js
> git ls-files --stage -- /home/brett/newMathematicsNotebooks/js/course.js
> git show --textconv :js/components/mathController.js
> git ls-files --stage -- /home/brett/newMathematicsNotebooks/js/components/mathController.js
> git cat-file -s a69c801eb4b58d5a3e160daa43e73313738ea254
> git show --textconv :js/pdf-data.js
> git ls-files --stage -- /home/brett/newMathematicsNotebooks/js/pdf-data.js
> git cat-file -s 32d5cf16833766fb1754ecc4622d97b40b6aac7c
> git show --textconv :index.html
> git ls-files --stage -- /home/brett/newMathematicsNotebooks/index.html
> git cat-file -s 8966c56d651ffc27798e06d5d96f7b5e90060d62
> git status -z -u
> git symbolic-ref --short HEAD
> git for-each-ref --format=%(refname)%00%(upstream:short)%00%(upstream:track)%00%(objectname) refs/heads/master refs/remotes/master
> git for-each-ref --sort -committerdate --format %(refname) %(objectname) %(*objectname)
> git remote --verbose
> git config --get commit.template
> git show --textconv :js/course.js
> git ls-files --stage -- /home/brett/newMathematicsNotebooks/js/course.js
> git status -z -u
> git symbolic-ref --short HEAD
> git for-each-ref --format=%(refname)%00%(upstream:short)%00%(upstream:track)%00%(objectname) refs/heads/master refs/remotes/master
> git for-each-ref --sort -committerdate --format %(refname) %(objectname) %(*objectname)
> git remote --verbose
> git config --get commit.template
> git show --textconv :index.html
> git ls-files --stage -- /home/brett/newMathematicsNotebooks/index.html
> git cat-file -s 8966c56d651ffc27798e06d5d96f7b5e90060d62
> git status -z -u
> git symbolic-ref --short HEAD
> git for-each-ref --format=%(refname)%00%(upstream:short)%00%(upstream:track)%00%(objectname) refs/heads/master refs/remotes/master
> git for-each-ref --sort -committerdate --format %(refname) %(objectname) %(*objectname)
> git remote --verbose
> git config --get commit.template
> git status -z -u
> git symbolic-ref --short HEAD
> git for-each-ref --format=%(refname)%00%(upstream:short)%00%(upstream:track)%00%(objectname) refs/heads/master refs/remotes/master
> git for-each-ref --sort -committerdate --format %(refname) %(objectname) %(*objectname)
> git remote --verbose
> git config --get commit.template
> git status -z -u
> git symbolic-ref --short HEAD
> git for-each-ref --format=%(refname)%00%(upstream:short)%00%(upstream:track)%00%(objectname) refs/heads/master refs/remotes/master
> git for-each-ref --sort -committerdate --format %(refname) %(objectname) %(*objectname)
> git remote --verbose
> git config --get commit.template
> git status -z -u
> git symbolic-ref --short HEAD
> git for-each-ref --format=%(refname)%00%(upstream:short)%00%(upstream:track)%00%(objectname) refs/heads/master refs/remotes/master
> git for-each-ref --sort -committerdate --format %(refname) %(objectname) %(*objectname)
> git remote --verbose
> git config --get commit.template
> git checkout -q -- /home/brett/newMathematicsNotebooks/index.html
> git status -z -u
> git symbolic-ref --short HEAD
> git for-each-ref --format=%(refname)%00%(upstream:short)%00%(upstream:track)%00%(objectname) refs/heads/master refs/remotes/master
> git for-each-ref --sort -committerdate --format %(refname) %(objectname) %(*objectname)
> git remote --verbose
> git config --get commit.template
> git ls-files --stage -- /home/brett/newMathematicsNotebooks/index.html
> git cat-file -s 8966c56d651ffc27798e06d5d96f7b5e90060d62
> git show --textconv :index.html
> git status -z -u
> git symbolic-ref --short HEAD
> git for-each-ref --format=%(refname)%00%(upstream:short)%00%(upstream:track)%00%(objectname) refs/heads/master refs/remotes/master
> git for-each-ref --sort -committerdate --format %(refname) %(objectname) %(*objectname)
> git remote --verbose
> git config --get commit.template
> git clean -f -q -- /home/brett/newMathematicsNotebooks/js/course.js
> git checkout -q
> git status -z -u
> git symbolic-ref --short HEAD
> git for-each-ref --format=%(refname)%00%(upstream:short)%00%(upstream:track)%00%(objectname) refs/heads/master refs/remotes/master
> git for-each-ref --sort -committerdate --format %(refname) %(objectname) %(*objectname)
> git remote --verbose
> git config --get commit.template
> git ls-files --stage -- /home/brett/newMathematicsNotebooks/index.html
> git cat-file -s 8966c56d651ffc27798e06d5d96f7b5e90060d62
> git show --textconv :index.html
> git status -z -u
> git symbolic-ref --short HEAD
> git for-each-ref --format=%(refname)%00%(upstream:short)%00%(upstream:track)%00%(objectname) refs/heads/master refs/remotes/master
> git for-each-ref --sort -committerdate --format %(refname) %(objectname) %(*objectname)
> git remote --verbose
> git config --get commit.template
> git log --format=%H%n%aN%n%aE%n%at%n%ct%n%P%n%B -z -n21 -- /home/brett/newMathematicsNotebooks/index.html
