0 info it worked if it ends with ok
1 verbose cli [ '/usr/bin/node', '/usr/bin/npm', 'install', '-g', 'nodemon' ]
2 info using npm@6.14.11
3 info using node@v14.15.5
4 verbose npm-session 452d77110cea66ee
5 silly install loadCurrentTree
6 silly install readGlobalPackageData
7 http fetch GET 304 https://registry.npmjs.org/nodemon 757ms (from cache)
8 silly pacote tag manifest for nodemon@latest fetched in 819ms
9 timing stage:loadCurrentTree Completed in 922ms
10 silly install loadIdealTree
11 silly install cloneCurrentTreeToIdealTree
12 timing stage:loadIdealTree:cloneCurrentTree Completed in 0ms
13 silly install loadShrinkwrap
14 timing stage:loadIdealTree:loadShrinkwrap Completed in 8ms
15 silly install loadAllDepsIntoIdealTree
16 silly resolveWithNewModule nodemon@2.0.7 checking installable status
17 http fetch GET 304 https://registry.npmjs.org/chokidar 304ms (from cache)
18 silly pacote range manifest for chokidar@^3.2.2 fetched in 315ms
19 silly resolveWithNewModule chokidar@3.5.1 checking installable status
20 http fetch GET 304 https://registry.npmjs.org/touch 705ms (from cache)
21 http fetch GET 304 https://registry.npmjs.org/undefsafe 700ms (from cache)
22 http fetch GET 304 https://registry.npmjs.org/semver 725ms (from cache)
23 http fetch GET 304 https://registry.npmjs.org/minimatch 752ms (from cache)
24 http fetch GET 304 https://registry.npmjs.org/debug 761ms (from cache)
25 http fetch GET 304 https://registry.npmjs.org/ignore-by-default 761ms (from cache)
26 http fetch GET 304 https://registry.npmjs.org/pstree.remy 757ms (from cache)
27 http fetch GET 304 https://registry.npmjs.org/supports-color 748ms (from cache)
28 http fetch GET 304 https://registry.npmjs.org/update-notifier 732ms (from cache)
29 silly pacote range manifest for touch@^3.1.0 fetched in 760ms
30 silly resolveWithNewModule touch@3.1.0 checking installable status
31 silly pacote range manifest for undefsafe@^2.0.3 fetched in 748ms
32 silly resolveWithNewModule undefsafe@2.0.3 checking installable status
33 silly pacote range manifest for semver@^5.7.1 fetched in 772ms
34 silly resolveWithNewModule semver@5.7.1 checking installable status
35 silly pacote range manifest for minimatch@^3.0.4 fetched in 790ms
36 silly resolveWithNewModule minimatch@3.0.4 checking installable status
37 silly pacote range manifest for debug@^3.2.6 fetched in 800ms
38 silly resolveWithNewModule debug@3.2.7 checking installable status
39 silly pacote range manifest for pstree.remy@^1.1.7 fetched in 795ms
40 silly resolveWithNewModule pstree.remy@1.1.8 checking installable status
41 silly pacote range manifest for ignore-by-default@^1.0.1 fetched in 802ms
42 silly resolveWithNewModule ignore-by-default@1.0.1 checking installable status
43 silly pacote range manifest for supports-color@^5.5.0 fetched in 784ms
44 silly resolveWithNewModule supports-color@5.5.0 checking installable status
45 silly pacote range manifest for update-notifier@^4.1.0 fetched in 764ms
46 silly resolveWithNewModule update-notifier@4.1.3 checking installable status
47 http fetch GET 304 https://registry.npmjs.org/anymatch 345ms (from cache)
48 http fetch GET 304 https://registry.npmjs.org/glob-parent 345ms (from cache)
49 http fetch GET 304 https://registry.npmjs.org/normalize-path 339ms (from cache)
50 http fetch GET 304 https://registry.npmjs.org/readdirp 340ms (from cache)
51 http fetch GET 304 https://registry.npmjs.org/is-glob 346ms (from cache)
52 http fetch GET 304 https://registry.npmjs.org/is-binary-path 348ms (from cache)
53 http fetch GET 304 https://registry.npmjs.org/braces 359ms (from cache)
54 http fetch GET 304 https://registry.npmjs.org/fsevents 358ms (from cache)
55 silly pacote range manifest for anymatch@~3.1.1 fetched in 375ms
56 silly resolveWithNewModule anymatch@3.1.1 checking installable status
57 silly pacote range manifest for glob-parent@~5.1.0 fetched in 378ms
58 silly resolveWithNewModule glob-parent@5.1.1 checking installable status
59 silly pacote range manifest for normalize-path@~3.0.0 fetched in 374ms
60 silly resolveWithNewModule normalize-path@3.0.0 checking installable status
61 silly pacote range manifest for readdirp@~3.5.0 fetched in 375ms
62 silly resolveWithNewModule readdirp@3.5.0 checking installable status
63 silly pacote range manifest for is-glob@~4.0.1 fetched in 382ms
64 silly resolveWithNewModule is-glob@4.0.1 checking installable status
65 silly pacote range manifest for is-binary-path@~2.1.0 fetched in 384ms
66 silly resolveWithNewModule is-binary-path@2.1.0 checking installable status
67 silly pacote range manifest for braces@~3.0.2 fetched in 397ms
68 silly resolveWithNewModule braces@3.0.2 checking installable status
69 silly pacote range manifest for fsevents@~2.3.1 fetched in 390ms
70 silly resolveWithNewModule fsevents@2.3.2 checking installable status
71 http fetch GET 304 https://registry.npmjs.org/picomatch 186ms (from cache)
72 silly pacote range manifest for picomatch@^2.0.4 fetched in 203ms
73 silly resolveWithNewModule picomatch@2.2.2 checking installable status
74 http fetch GET 304 https://registry.npmjs.org/fill-range 218ms (from cache)
75 silly pacote range manifest for fill-range@^7.0.1 fetched in 228ms
76 silly resolveWithNewModule fill-range@7.0.1 checking installable status
77 http fetch GET 304 https://registry.npmjs.org/to-regex-range 176ms (from cache)
78 silly pacote range manifest for to-regex-range@^5.0.1 fetched in 181ms
79 silly resolveWithNewModule to-regex-range@5.0.1 checking installable status
80 http fetch GET 304 https://registry.npmjs.org/is-number 216ms (from cache)
81 silly pacote range manifest for is-number@^7.0.0 fetched in 224ms
82 silly resolveWithNewModule is-number@7.0.0 checking installable status
83 http fetch GET 304 https://registry.npmjs.org/is-extglob 140ms (from cache)
84 silly pacote range manifest for is-extglob@^2.1.1 fetched in 143ms
85 silly resolveWithNewModule is-extglob@2.1.1 checking installable status
86 http fetch GET 304 https://registry.npmjs.org/binary-extensions 189ms (from cache)
87 silly pacote range manifest for binary-extensions@^2.0.0 fetched in 205ms
88 silly resolveWithNewModule binary-extensions@2.2.0 checking installable status
89 http fetch GET 304 https://registry.npmjs.org/ms 153ms (from cache)
90 silly pacote range manifest for ms@^2.1.1 fetched in 157ms
91 silly resolveWithNewModule ms@2.1.3 checking installable status
92 http fetch GET 304 https://registry.npmjs.org/brace-expansion 158ms (from cache)
93 silly pacote range manifest for brace-expansion@^1.1.7 fetched in 168ms
94 silly resolveWithNewModule brace-expansion@1.1.11 checking installable status
95 http fetch GET 304 https://registry.npmjs.org/balanced-match 194ms (from cache)
96 silly pacote range manifest for balanced-match@^1.0.0 fetched in 198ms
97 silly resolveWithNewModule balanced-match@1.0.0 checking installable status
98 http fetch GET 304 https://registry.npmjs.org/concat-map 198ms (from cache)
99 silly pacote version manifest for concat-map@0.0.1 fetched in 201ms
100 silly resolveWithNewModule concat-map@0.0.1 checking installable status
101 http fetch GET 304 https://registry.npmjs.org/has-flag 151ms (from cache)
102 silly pacote range manifest for has-flag@^3.0.0 fetched in 155ms
103 silly resolveWithNewModule has-flag@3.0.0 checking installable status
104 http fetch GET 304 https://registry.npmjs.org/nopt 168ms (from cache)
105 silly pacote range manifest for nopt@~1.0.10 fetched in 173ms
106 silly resolveWithNewModule nopt@1.0.10 checking installable status
107 http fetch GET 304 https://registry.npmjs.org/abbrev 138ms (from cache)
108 silly pacote range manifest for abbrev@1 fetched in 144ms
109 silly resolveWithNewModule abbrev@1.1.1 checking installable status
110 silly pacote range manifest for debug@^2.2.0 fetched in 6ms
111 silly resolveWithNewModule debug@2.6.9 checking installable status
112 silly pacote version manifest for ms@2.0.0 fetched in 2ms
113 silly resolveWithNewModule ms@2.0.0 checking installable status
114 http fetch GET 304 https://registry.npmjs.org/boxen 326ms (from cache)
115 http fetch GET 304 https://registry.npmjs.org/latest-version 325ms (from cache)
116 http fetch GET 304 https://registry.npmjs.org/is-yarn-global 330ms (from cache)
117 silly pacote range manifest for boxen@^4.2.0 fetched in 342ms
118 silly resolveWithNewModule boxen@4.2.0 checking installable status
119 http fetch GET 304 https://registry.npmjs.org/is-ci 342ms (from cache)
120 http fetch GET 304 https://registry.npmjs.org/import-lazy 344ms (from cache)
121 http fetch GET 304 https://registry.npmjs.org/is-npm 341ms (from cache)
122 http fetch GET 304 https://registry.npmjs.org/configstore 347ms (from cache)
123 http fetch GET 304 https://registry.npmjs.org/has-yarn 361ms (from cache)
124 http fetch GET 304 https://registry.npmjs.org/is-installed-globally 360ms (from cache)
125 silly pacote range manifest for is-yarn-global@^0.3.0 fetched in 370ms
126 silly resolveWithNewModule is-yarn-global@0.3.0 checking installable status
127 http fetch GET 304 https://registry.npmjs.org/chalk 377ms (from cache)
128 silly pacote range manifest for latest-version@^5.0.0 fetched in 372ms
129 silly resolveWithNewModule latest-version@5.1.0 checking installable status
130 silly pacote range manifest for is-ci@^2.0.0 fetched in 388ms
131 silly resolveWithNewModule is-ci@2.0.0 checking installable status
132 silly pacote range manifest for import-lazy@^2.1.0 fetched in 390ms
133 silly resolveWithNewModule import-lazy@2.1.0 checking installable status
134 silly pacote range manifest for is-npm@^4.0.0 fetched in 388ms
135 silly resolveWithNewModule is-npm@4.0.0 checking installable status
136 silly pacote range manifest for configstore@^5.0.1 fetched in 394ms
137 silly resolveWithNewModule configstore@5.0.1 checking installable status
138 silly pacote range manifest for has-yarn@^2.1.0 fetched in 405ms
139 silly resolveWithNewModule has-yarn@2.1.0 checking installable status
140 silly pacote range manifest for is-installed-globally@^0.3.1 fetched in 406ms
141 silly resolveWithNewModule is-installed-globally@0.3.2 checking installable status
142 silly pacote range manifest for chalk@^3.0.0 fetched in 425ms
143 silly resolveWithNewModule chalk@3.0.0 checking installable status
144 http fetch GET 304 https://registry.npmjs.org/pupa 250ms (from cache)
145 http fetch GET 304 https://registry.npmjs.org/xdg-basedir 209ms (from cache)
146 http fetch GET 304 https://registry.npmjs.org/semver-diff 223ms (from cache)
147 silly pacote range manifest for pupa@^2.0.1 fetched in 269ms
148 silly resolveWithNewModule pupa@2.1.1 checking installable status
149 silly pacote range manifest for xdg-basedir@^4.0.0 fetched in 227ms
150 silly resolveWithNewModule xdg-basedir@4.0.0 checking installable status
151 silly pacote range manifest for semver-diff@^3.1.1 fetched in 234ms
152 silly resolveWithNewModule semver-diff@3.1.1 checking installable status
153 http fetch GET 304 https://registry.npmjs.org/camelcase 306ms (from cache)
154 http fetch GET 304 https://registry.npmjs.org/ansi-align 314ms (from cache)
155 http fetch GET 304 https://registry.npmjs.org/cli-boxes 315ms (from cache)
156 http fetch GET 304 https://registry.npmjs.org/string-width 316ms (from cache)
157 http fetch GET 304 https://registry.npmjs.org/term-size 316ms (from cache)
158 http fetch GET 304 https://registry.npmjs.org/widest-line 314ms (from cache)
159 silly pacote range manifest for camelcase@^5.3.1 fetched in 322ms
160 silly resolveWithNewModule camelcase@5.3.1 checking installable status
161 silly pacote range manifest for ansi-align@^3.0.0 fetched in 330ms
162 silly resolveWithNewModule ansi-align@3.0.0 checking installable status
163 silly pacote range manifest for cli-boxes@^2.2.0 fetched in 329ms
164 silly resolveWithNewModule cli-boxes@2.2.1 checking installable status
165 http fetch GET 304 https://registry.npmjs.org/type-fest 330ms (from cache)
166 silly pacote range manifest for string-width@^4.1.0 fetched in 334ms
167 silly resolveWithNewModule string-width@4.2.0 checking installable status
168 silly pacote range manifest for term-size@^2.1.0 fetched in 334ms
169 silly resolveWithNewModule term-size@2.2.1 checking installable status
170 silly pacote range manifest for widest-line@^3.1.0 fetched in 333ms
171 silly resolveWithNewModule widest-line@3.1.0 checking installable status
172 silly pacote range manifest for type-fest@^0.8.1 fetched in 342ms
173 silly resolveWithNewModule type-fest@0.8.1 checking installable status
174 silly pacote range manifest for string-width@^3.0.0 fetched in 6ms
175 silly resolveWithNewModule string-width@3.1.0 checking installable status
176 http fetch GET 304 https://registry.npmjs.org/is-fullwidth-code-point 223ms (from cache)
177 http fetch GET 304 https://registry.npmjs.org/emoji-regex 230ms (from cache)
178 http fetch GET 304 https://registry.npmjs.org/strip-ansi 233ms (from cache)
179 silly pacote range manifest for is-fullwidth-code-point@^2.0.0 fetched in 235ms
180 silly resolveWithNewModule is-fullwidth-code-point@2.0.0 checking installable status
181 silly pacote range manifest for emoji-regex@^7.0.1 fetched in 248ms
182 silly resolveWithNewModule emoji-regex@7.0.3 checking installable status
183 silly pacote range manifest for strip-ansi@^5.1.0 fetched in 252ms
184 silly resolveWithNewModule strip-ansi@5.2.0 checking installable status
185 http fetch GET 304 https://registry.npmjs.org/ansi-regex 263ms (from cache)
186 silly pacote range manifest for ansi-regex@^4.1.0 fetched in 266ms
187 silly resolveWithNewModule ansi-regex@4.1.0 checking installable status
188 silly pacote range manifest for supports-color@^7.1.0 fetched in 7ms
189 silly resolveWithNewModule supports-color@7.2.0 checking installable status
190 http fetch GET 304 https://registry.npmjs.org/ansi-styles 386ms (from cache)
191 silly pacote range manifest for ansi-styles@^4.1.0 fetched in 398ms
192 silly resolveWithNewModule ansi-styles@4.3.0 checking installable status
193 http fetch GET 304 https://registry.npmjs.org/color-convert 194ms (from cache)
194 silly pacote range manifest for color-convert@^2.0.1 fetched in 200ms
195 silly resolveWithNewModule color-convert@2.0.1 checking installable status
196 http fetch GET 304 https://registry.npmjs.org/color-name 152ms (from cache)
197 silly pacote range manifest for color-name@~1.1.4 fetched in 157ms
198 silly resolveWithNewModule color-name@1.1.4 checking installable status
199 silly pacote range manifest for has-flag@^4.0.0 fetched in 9ms
200 silly resolveWithNewModule has-flag@4.0.0 checking installable status
201 silly pacote range manifest for strip-ansi@^6.0.0 fetched in 16ms
202 silly resolveWithNewModule strip-ansi@6.0.0 checking installable status
203 silly pacote range manifest for emoji-regex@^8.0.0 fetched in 21ms
204 silly resolveWithNewModule emoji-regex@8.0.0 checking installable status
205 silly pacote range manifest for is-fullwidth-code-point@^3.0.0 fetched in 25ms
206 silly resolveWithNewModule is-fullwidth-code-point@3.0.0 checking installable status
207 silly pacote range manifest for ansi-regex@^5.0.0 fetched in 7ms
208 silly resolveWithNewModule ansi-regex@5.0.0 checking installable status
209 http fetch GET 304 https://registry.npmjs.org/dot-prop 227ms (from cache)
210 http fetch GET 304 https://registry.npmjs.org/unique-string 225ms (from cache)
211 silly pacote range manifest for dot-prop@^5.2.0 fetched in 237ms
212 silly resolveWithNewModule dot-prop@5.3.0 checking installable status
213 http fetch GET 304 https://registry.npmjs.org/write-file-atomic 241ms (from cache)
214 silly pacote range manifest for unique-string@^2.0.0 fetched in 252ms
215 silly resolveWithNewModule unique-string@2.0.0 checking installable status
216 http fetch GET 304 https://registry.npmjs.org/graceful-fs 255ms (from cache)
217 silly pacote range manifest for write-file-atomic@^3.0.0 fetched in 265ms
218 silly resolveWithNewModule write-file-atomic@3.0.3 checking installable status
219 http fetch GET 304 https://registry.npmjs.org/make-dir 269ms (from cache)
220 silly pacote range manifest for graceful-fs@^4.1.2 fetched in 283ms
221 silly resolveWithNewModule graceful-fs@4.2.6 checking installable status
222 silly pacote range manifest for make-dir@^3.0.0 fetched in 290ms
223 silly resolveWithNewModule make-dir@3.1.0 checking installable status
224 http fetch GET 304 https://registry.npmjs.org/is-obj 171ms (from cache)
225 silly pacote range manifest for is-obj@^2.0.0 fetched in 175ms
226 silly resolveWithNewModule is-obj@2.0.0 checking installable status
227 silly pacote range manifest for semver@^6.0.0 fetched in 3ms
228 silly resolveWithNewModule semver@6.3.0 checking installable status
229 http fetch GET 304 https://registry.npmjs.org/crypto-random-string 232ms (from cache)
230 silly pacote range manifest for crypto-random-string@^2.0.0 fetched in 234ms
231 silly resolveWithNewModule crypto-random-string@2.0.0 checking installable status
232 http fetch GET 304 https://registry.npmjs.org/imurmurhash 167ms (from cache)
233 silly pacote range manifest for imurmurhash@^0.1.4 fetched in 191ms
234 silly resolveWithNewModule imurmurhash@0.1.4 checking installable status
235 http fetch GET 304 https://registry.npmjs.org/signal-exit 222ms (from cache)
236 http fetch GET 304 https://registry.npmjs.org/typedarray-to-buffer 222ms (from cache)
237 silly pacote range manifest for signal-exit@^3.0.2 fetched in 249ms
238 silly resolveWithNewModule signal-exit@3.0.3 checking installable status
239 silly pacote range manifest for typedarray-to-buffer@^3.1.5 fetched in 253ms
240 silly resolveWithNewModule typedarray-to-buffer@3.1.5 checking installable status
241 http fetch GET 304 https://registry.npmjs.org/is-typedarray 255ms (from cache)
242 silly pacote range manifest for is-typedarray@^1.0.0 fetched in 257ms
243 silly resolveWithNewModule is-typedarray@1.0.0 checking installable status
244 http fetch GET 304 https://registry.npmjs.org/ci-info 194ms (from cache)
245 silly pacote range manifest for ci-info@^2.0.0 fetched in 198ms
246 silly resolveWithNewModule ci-info@2.0.0 checking installable status
247 http fetch GET 304 https://registry.npmjs.org/is-path-inside 186ms (from cache)
248 http fetch GET 304 https://registry.npmjs.org/global-dirs 190ms (from cache)
249 silly pacote range manifest for is-path-inside@^3.0.1 fetched in 191ms
250 silly resolveWithNewModule is-path-inside@3.0.2 checking installable status
251 silly pacote range manifest for global-dirs@^2.0.1 fetched in 200ms
252 silly resolveWithNewModule global-dirs@2.1.0 checking installable status
253 http fetch GET 304 https://registry.npmjs.org/ini 151ms (from cache)
254 silly pacote version manifest for ini@1.3.7 fetched in 158ms
255 silly resolveWithNewModule ini@1.3.7 checking installable status
256 http fetch GET 304 https://registry.npmjs.org/package-json 139ms (from cache)
257 silly pacote range manifest for package-json@^6.3.0 fetched in 144ms
258 silly resolveWithNewModule package-json@6.5.0 checking installable status
259 silly pacote range manifest for semver@^6.2.0 fetched in 11ms
260 silly resolveWithNewModule semver@6.3.0 checking installable status
261 http fetch GET 304 https://registry.npmjs.org/registry-auth-token 189ms (from cache)
262 silly pacote range manifest for registry-auth-token@^4.0.0 fetched in 199ms
263 silly resolveWithNewModule registry-auth-token@4.2.1 checking installable status
264 http fetch GET 304 https://registry.npmjs.org/got 216ms (from cache)
265 silly pacote range manifest for got@^9.6.0 fetched in 233ms
266 silly resolveWithNewModule got@9.6.0 checking installable status
267 http fetch GET 304 https://registry.npmjs.org/registry-url 234ms (from cache)
268 silly pacote range manifest for registry-url@^5.0.0 fetched in 239ms
269 silly resolveWithNewModule registry-url@5.1.0 checking installable status
270 http fetch GET 304 https://registry.npmjs.org/decompress-response 184ms (from cache)
271 http fetch GET 304 https://registry.npmjs.org/duplexer3 184ms (from cache)
272 silly pacote range manifest for duplexer3@^0.1.4 fetched in 193ms
273 silly resolveWithNewModule duplexer3@0.1.4 checking installable status
274 silly pacote range manifest for decompress-response@^3.3.0 fetched in 211ms
275 silly resolveWithNewModule decompress-response@3.3.0 checking installable status
276 http fetch GET 304 https://registry.npmjs.org/cacheable-request 213ms (from cache)
277 silly pacote range manifest for cacheable-request@^6.0.0 fetched in 240ms
278 silly resolveWithNewModule cacheable-request@6.1.0 checking installable status
279 http fetch GET 304 https://registry.npmjs.org/get-stream 261ms (from cache)
280 http fetch GET 304 https://registry.npmjs.org/mimic-response 271ms (from cache)
281 silly pacote range manifest for get-stream@^4.1.0 fetched in 284ms
282 silly resolveWithNewModule get-stream@4.1.0 checking installable status
283 http fetch GET 304 https://registry.npmjs.org/p-cancelable 283ms (from cache)
284 http fetch GET 304 https://registry.npmjs.org/lowercase-keys 288ms (from cache)
285 silly pacote range manifest for mimic-response@^1.0.1 fetched in 298ms
286 silly resolveWithNewModule mimic-response@1.0.1 checking installable status
287 silly pacote range manifest for p-cancelable@^1.0.0 fetched in 301ms
288 silly resolveWithNewModule p-cancelable@1.1.0 checking installable status
289 silly pacote range manifest for lowercase-keys@^1.0.1 fetched in 305ms
290 silly resolveWithNewModule lowercase-keys@1.0.1 checking installable status
291 http fetch GET 304 https://registry.npmjs.org/to-readable-stream 347ms (from cache)
292 http fetch GET 304 https://registry.npmjs.org/@sindresorhus%2fis 356ms (from cache)
293 http fetch GET 304 https://registry.npmjs.org/@szmarczak%2fhttp-timer 356ms (from cache)
294 silly pacote range manifest for to-readable-stream@^1.0.0 fetched in 355ms
295 silly resolveWithNewModule to-readable-stream@1.0.0 checking installable status
296 silly pacote range manifest for @sindresorhus/is@^0.14.0 fetched in 374ms
297 silly resolveWithNewModule @sindresorhus/is@0.14.0 checking installable status
298 silly pacote range manifest for @szmarczak/http-timer@^1.1.2 fetched in 371ms
299 silly resolveWithNewModule @szmarczak/http-timer@1.1.2 checking installable status
300 http fetch GET 304 https://registry.npmjs.org/url-parse-lax 180ms (from cache)
301 silly pacote range manifest for url-parse-lax@^3.0.0 fetched in 193ms
302 silly resolveWithNewModule url-parse-lax@3.0.0 checking installable status
303 http fetch GET 304 https://registry.npmjs.org/defer-to-connect 232ms (from cache)
304 silly pacote range manifest for defer-to-connect@^1.0.1 fetched in 244ms
305 silly resolveWithNewModule defer-to-connect@1.1.3 checking installable status
306 silly pacote range manifest for get-stream@^5.1.0 fetched in 16ms
307 silly resolveWithNewModule get-stream@5.2.0 checking installable status
308 silly pacote range manifest for lowercase-keys@^2.0.0 fetched in 16ms
309 silly resolveWithNewModule lowercase-keys@2.0.0 checking installable status
310 http fetch GET 304 https://registry.npmjs.org/http-cache-semantics 190ms (from cache)
311 silly pacote range manifest for http-cache-semantics@^4.0.0 fetched in 206ms
312 silly resolveWithNewModule http-cache-semantics@4.1.0 checking installable status
313 http fetch GET 304 https://registry.npmjs.org/keyv 210ms (from cache)
314 http fetch GET 304 https://registry.npmjs.org/normalize-url 214ms (from cache)
315 silly pacote range manifest for keyv@^3.0.0 fetched in 221ms
316 silly resolveWithNewModule keyv@3.1.0 checking installable status
317 silly pacote range manifest for normalize-url@^4.1.0 fetched in 223ms
318 silly resolveWithNewModule normalize-url@4.5.0 checking installable status
319 http fetch GET 304 https://registry.npmjs.org/responselike 248ms (from cache)
320 silly pacote range manifest for responselike@^1.0.2 fetched in 260ms
321 silly resolveWithNewModule responselike@1.0.2 checking installable status
322 http fetch GET 304 https://registry.npmjs.org/clone-response 267ms (from cache)
323 silly pacote range manifest for clone-response@^1.0.2 fetched in 272ms
324 silly resolveWithNewModule clone-response@1.0.2 checking installable status
325 http fetch GET 304 https://registry.npmjs.org/pump 148ms (from cache)
326 silly pacote range manifest for pump@^3.0.0 fetched in 151ms
327 silly resolveWithNewModule pump@3.0.0 checking installable status
328 http fetch GET 304 https://registry.npmjs.org/end-of-stream 145ms (from cache)
329 silly pacote range manifest for end-of-stream@^1.1.0 fetched in 149ms
330 silly resolveWithNewModule end-of-stream@1.4.4 checking installable status
331 http fetch GET 304 https://registry.npmjs.org/once 172ms (from cache)
332 silly pacote range manifest for once@^1.3.1 fetched in 175ms
333 silly resolveWithNewModule once@1.4.0 checking installable status
334 http fetch GET 304 https://registry.npmjs.org/wrappy 167ms (from cache)
335 silly pacote range manifest for wrappy@1 fetched in 169ms
336 silly resolveWithNewModule wrappy@1.0.2 checking installable status
337 http fetch GET 304 https://registry.npmjs.org/json-buffer 233ms (from cache)
338 silly pacote version manifest for json-buffer@3.0.0 fetched in 240ms
339 silly resolveWithNewModule json-buffer@3.0.0 checking installable status
340 http fetch GET 304 https://registry.npmjs.org/prepend-http 156ms (from cache)
341 silly pacote range manifest for prepend-http@^2.0.0 fetched in 161ms
342 silly resolveWithNewModule prepend-http@2.0.0 checking installable status
343 http fetch GET 304 https://registry.npmjs.org/rc 171ms (from cache)
344 silly pacote range manifest for rc@^1.2.8 fetched in 181ms
345 silly resolveWithNewModule rc@1.2.8 checking installable status
346 http fetch GET 304 https://registry.npmjs.org/minimist 174ms (from cache)
347 http fetch GET 304 https://registry.npmjs.org/strip-json-comments 175ms (from cache)
348 http fetch GET 304 https://registry.npmjs.org/deep-extend 179ms (from cache)
349 silly pacote range manifest for minimist@^1.2.0 fetched in 191ms
350 silly resolveWithNewModule minimist@1.2.5 checking installable status
351 silly pacote range manifest for strip-json-comments@~2.0.1 fetched in 191ms
352 silly resolveWithNewModule strip-json-comments@2.0.1 checking installable status
353 silly pacote range manifest for deep-extend@^0.6.0 fetched in 195ms
354 silly resolveWithNewModule deep-extend@0.6.0 checking installable status
355 http fetch GET 304 https://registry.npmjs.org/escape-goat 134ms (from cache)
356 silly pacote range manifest for escape-goat@^2.0.0 fetched in 141ms
357 silly resolveWithNewModule escape-goat@2.1.1 checking installable status
358 silly pacote range manifest for semver@^6.3.0 fetched in 11ms
359 silly resolveWithNewModule semver@6.3.0 checking installable status
360 timing stage:loadIdealTree:loadAllDepsIntoIdealTree Completed in 10316ms
361 timing stage:loadIdealTree Completed in 10454ms
362 silly currentTree lib
363 silly idealTree lib
363 silly idealTree └─┬ nodemon@2.0.7
363 silly idealTree   ├── @sindresorhus/is@0.14.0
363 silly idealTree   ├── @szmarczak/http-timer@1.1.2
363 silly idealTree   ├── abbrev@1.1.1
363 silly idealTree   ├─┬ ansi-align@3.0.0
363 silly idealTree   │ └── string-width@3.1.0
363 silly idealTree   ├── ansi-regex@4.1.0
363 silly idealTree   ├── ansi-styles@4.3.0
363 silly idealTree   ├── anymatch@3.1.1
363 silly idealTree   ├── balanced-match@1.0.0
363 silly idealTree   ├── binary-extensions@2.2.0
363 silly idealTree   ├── boxen@4.2.0
363 silly idealTree   ├── brace-expansion@1.1.11
363 silly idealTree   ├── braces@3.0.2
363 silly idealTree   ├─┬ cacheable-request@6.1.0
363 silly idealTree   │ ├── get-stream@5.2.0
363 silly idealTree   │ └── lowercase-keys@2.0.0
363 silly idealTree   ├── camelcase@5.3.1
363 silly idealTree   ├─┬ chalk@3.0.0
363 silly idealTree   │ ├── has-flag@4.0.0
363 silly idealTree   │ └── supports-color@7.2.0
363 silly idealTree   ├── chokidar@3.5.1
363 silly idealTree   ├── ci-info@2.0.0
363 silly idealTree   ├── cli-boxes@2.2.1
363 silly idealTree   ├── clone-response@1.0.2
363 silly idealTree   ├── color-convert@2.0.1
363 silly idealTree   ├── color-name@1.1.4
363 silly idealTree   ├── concat-map@0.0.1
363 silly idealTree   ├── configstore@5.0.1
363 silly idealTree   ├── crypto-random-string@2.0.0
363 silly idealTree   ├── debug@3.2.7
363 silly idealTree   ├── decompress-response@3.3.0
363 silly idealTree   ├── deep-extend@0.6.0
363 silly idealTree   ├── defer-to-connect@1.1.3
363 silly idealTree   ├── dot-prop@5.3.0
363 silly idealTree   ├── duplexer3@0.1.4
363 silly idealTree   ├── emoji-regex@7.0.3
363 silly idealTree   ├── end-of-stream@1.4.4
363 silly idealTree   ├── escape-goat@2.1.1
363 silly idealTree   ├── fill-range@7.0.1
363 silly idealTree   ├── fsevents@2.3.2
363 silly idealTree   ├── get-stream@4.1.0
363 silly idealTree   ├── glob-parent@5.1.1
363 silly idealTree   ├── global-dirs@2.1.0
363 silly idealTree   ├── got@9.6.0
363 silly idealTree   ├── graceful-fs@4.2.6
363 silly idealTree   ├── has-flag@3.0.0
363 silly idealTree   ├── has-yarn@2.1.0
363 silly idealTree   ├── http-cache-semantics@4.1.0
363 silly idealTree   ├── ignore-by-default@1.0.1
363 silly idealTree   ├── import-lazy@2.1.0
363 silly idealTree   ├── imurmurhash@0.1.4
363 silly idealTree   ├── ini@1.3.7
363 silly idealTree   ├── is-binary-path@2.1.0
363 silly idealTree   ├── is-ci@2.0.0
363 silly idealTree   ├── is-extglob@2.1.1
363 silly idealTree   ├── is-fullwidth-code-point@2.0.0
363 silly idealTree   ├── is-glob@4.0.1
363 silly idealTree   ├── is-installed-globally@0.3.2
363 silly idealTree   ├── is-npm@4.0.0
363 silly idealTree   ├── is-number@7.0.0
363 silly idealTree   ├── is-obj@2.0.0
363 silly idealTree   ├── is-path-inside@3.0.2
363 silly idealTree   ├── is-typedarray@1.0.0
363 silly idealTree   ├── is-yarn-global@0.3.0
363 silly idealTree   ├── json-buffer@3.0.0
363 silly idealTree   ├── keyv@3.1.0
363 silly idealTree   ├── latest-version@5.1.0
363 silly idealTree   ├── lowercase-keys@1.0.1
363 silly idealTree   ├─┬ make-dir@3.1.0
363 silly idealTree   │ └── semver@6.3.0
363 silly idealTree   ├── mimic-response@1.0.1
363 silly idealTree   ├── minimatch@3.0.4
363 silly idealTree   ├── minimist@1.2.5
363 silly idealTree   ├── ms@2.1.3
363 silly idealTree   ├── nopt@1.0.10
363 silly idealTree   ├── normalize-path@3.0.0
363 silly idealTree   ├── normalize-url@4.5.0
363 silly idealTree   ├── once@1.4.0
363 silly idealTree   ├── p-cancelable@1.1.0
363 silly idealTree   ├─┬ package-json@6.5.0
363 silly idealTree   │ └── semver@6.3.0
363 silly idealTree   ├── picomatch@2.2.2
363 silly idealTree   ├── prepend-http@2.0.0
363 silly idealTree   ├── pstree.remy@1.1.8
363 silly idealTree   ├── pump@3.0.0
363 silly idealTree   ├── pupa@2.1.1
363 silly idealTree   ├── rc@1.2.8
363 silly idealTree   ├── readdirp@3.5.0
363 silly idealTree   ├── registry-auth-token@4.2.1
363 silly idealTree   ├── registry-url@5.1.0
363 silly idealTree   ├── responselike@1.0.2
363 silly idealTree   ├─┬ semver-diff@3.1.1
363 silly idealTree   │ └── semver@6.3.0
363 silly idealTree   ├── semver@5.7.1
363 silly idealTree   ├── signal-exit@3.0.3
363 silly idealTree   ├─┬ string-width@4.2.0
363 silly idealTree   │ ├── ansi-regex@5.0.0
363 silly idealTree   │ ├── emoji-regex@8.0.0
363 silly idealTree   │ ├── is-fullwidth-code-point@3.0.0
363 silly idealTree   │ └── strip-ansi@6.0.0
363 silly idealTree   ├── strip-ansi@5.2.0
363 silly idealTree   ├── strip-json-comments@2.0.1
363 silly idealTree   ├── supports-color@5.5.0
363 silly idealTree   ├── term-size@2.2.1
363 silly idealTree   ├── to-readable-stream@1.0.0
363 silly idealTree   ├── to-regex-range@5.0.1
363 silly idealTree   ├── touch@3.1.0
363 silly idealTree   ├── type-fest@0.8.1
363 silly idealTree   ├── typedarray-to-buffer@3.1.5
363 silly idealTree   ├─┬ undefsafe@2.0.3
363 silly idealTree   │ ├── debug@2.6.9
363 silly idealTree   │ └── ms@2.0.0
363 silly idealTree   ├── unique-string@2.0.0
363 silly idealTree   ├── update-notifier@4.1.3
363 silly idealTree   ├── url-parse-lax@3.0.0
363 silly idealTree   ├── widest-line@3.1.0
363 silly idealTree   ├── wrappy@1.0.2
363 silly idealTree   ├── write-file-atomic@3.0.3
363 silly idealTree   └── xdg-basedir@4.0.0
364 silly install generateActionsToTake
365 warn checkPermissions Missing write access to /usr/lib/node_modules
366 timing stage:rollbackFailedOptional Completed in 1ms
367 timing stage:runTopLevelLifecycles Completed in 11521ms
368 warn optional SKIPPING OPTIONAL DEPENDENCY: fsevents@~2.3.1 (node_modules/nodemon/node_modules/chokidar/node_modules/fsevents):
369 warn notsup SKIPPING OPTIONAL DEPENDENCY: Unsupported platform for fsevents@2.3.2: wanted {"os":"darwin","arch":"any"} (current: {"os":"linux","arch":"x64"})
370 verbose notsup SKIPPING OPTIONAL DEPENDENCY: Valid OS:    darwin
370 verbose notsup SKIPPING OPTIONAL DEPENDENCY: Valid Arch:  any
370 verbose notsup SKIPPING OPTIONAL DEPENDENCY: Actual OS:   linux
370 verbose notsup SKIPPING OPTIONAL DEPENDENCY: Actual Arch: x64
371 verbose stack Error: EACCES: permission denied, access '/usr/lib/node_modules'
372 verbose cwd /home/brett
373 verbose Linux 5.4.74-10576-gb6cc41974db3
374 verbose argv "/usr/bin/node" "/usr/bin/npm" "install" "-g" "nodemon"
375 verbose node v14.15.5
376 verbose npm  v6.14.11
377 error code EACCES
378 error syscall access
379 error path /usr/lib/node_modules
380 error errno -13
381 error Error: EACCES: permission denied, access '/usr/lib/node_modules'
381 error  [Error: EACCES: permission denied, access '/usr/lib/node_modules'] {
381 error   errno: -13,
381 error   code: 'EACCES',
381 error   syscall: 'access',
381 error   path: '/usr/lib/node_modules'
381 error }
382 error The operation was rejected by your operating system.
382 error It is likely you do not have the permissions to access this file as the current user
382 error
382 error If you believe this might be a permissions issue, please double-check the
382 error permissions of the file and its containing directories, or try running
382 error the command again as root/Administrator.
383 verbose exit [ -13, true ]
