0 info it worked if it ends with ok
1 verbose cli [ '/usr/bin/node', '/usr/bin/npm', 'run', 'devStart' ]
2 info using npm@6.14.11
3 info using node@v14.15.5
4 verbose run-script [ 'predevStart', 'devStart', 'postdevStart' ]
5 info lifecycle graphql1@1.0.0~predevStart: graphql1@1.0.0
6 info lifecycle graphql1@1.0.0~devStart: graphql1@1.0.0
7 verbose lifecycle graphql1@1.0.0~devStart: unsafe-perm in lifecycle true
8 verbose lifecycle graphql1@1.0.0~devStart: PATH: /usr/lib/node_modules/npm/node_modules/npm-lifecycle/node-gyp-bin:/home/brett/graphql1/node_modules/.bin:/usr/local/bin:/usr/bin:/bin:/usr/local/games:/usr/games
9 verbose lifecycle graphql1@1.0.0~devStart: CWD: /home/brett/graphql1
10 silly lifecycle graphql1@1.0.0~devStart: Args: [ '-c', 'nodemon server.js' ]
11 silly lifecycle graphql1@1.0.0~devStart: Returned: code: 126  signal: null
12 info lifecycle graphql1@1.0.0~devStart: Failed to exec devStart script
13 verbose stack Error: graphql1@1.0.0 devStart: `nodemon server.js`
13 verbose stack Exit status 126
13 verbose stack     at EventEmitter.<anonymous> (/usr/lib/node_modules/npm/node_modules/npm-lifecycle/index.js:332:16)
13 verbose stack     at EventEmitter.emit (events.js:315:20)
13 verbose stack     at ChildProcess.<anonymous> (/usr/lib/node_modules/npm/node_modules/npm-lifecycle/lib/spawn.js:55:14)
13 verbose stack     at ChildProcess.emit (events.js:315:20)
13 verbose stack     at maybeClose (internal/child_process.js:1048:16)
13 verbose stack     at Process.ChildProcess._handle.onexit (internal/child_process.js:288:5)
14 verbose pkgid graphql1@1.0.0
15 verbose cwd /home/brett/graphql1
16 verbose Linux 5.4.74-10576-gb6cc41974db3
17 verbose argv "/usr/bin/node" "/usr/bin/npm" "run" "devStart"
18 verbose node v14.15.5
19 verbose npm  v6.14.11
20 error code ELIFECYCLE
21 error errno 126
22 error graphql1@1.0.0 devStart: `nodemon server.js`
22 error Exit status 126
23 error Failed at the graphql1@1.0.0 devStart script.
23 error This is probably not a problem with npm. There is likely additional logging output above.
24 verbose exit [ 126, true ]
