Looking for git in: git
Using git 2.20.1 from git
> git rev-parse --git-dir
Open repository: /home/brett/di
> git status -z -u
> git symbolic-ref --short HEAD
> git for-each-ref --format=%(refname)%00%(upstream:short)%00%(upstream:track)%00%(objectname) refs/heads/master refs/remotes/master
> git for-each-ref --sort -committerdate --format %(refname) %(objectname) %(*objectname)
> git remote --verbose
> git config --get commit.template
> git show --textconv :app/models/poems.js
> git ls-files --stage -- /home/brett/di/app/models/poems.js
> git check-ignore -v -z --stdin
> git cat-file -s 759d859cec2122c54a0cc004bfd14bdc877709b6
> git status -z -u
> git symbolic-ref --short HEAD
> git for-each-ref --format=%(refname)%00%(upstream:short)%00%(upstream:track)%00%(objectname) refs/heads/master refs/remotes/master
> git for-each-ref --sort -committerdate --format %(refname) %(objectname) %(*objectname)
> git remote --verbose
> git config --get commit.template
> git show --textconv HEAD:app/models/poems.js
> git ls-tree -l HEAD -- /home/brett/di/app/models/poems.js
> git show --textconv :app/models/poems.js
> git ls-files --stage -- /home/brett/di/app/models/poems.js
> git cat-file -s 759d859cec2122c54a0cc004bfd14bdc877709b6
> git show --textconv HEAD:page2.html
> git ls-tree -l HEAD -- /home/brett/di/page2.html
> git show --textconv HEAD:index.html
> git ls-tree -l HEAD -- /home/brett/di/index.html
> git show --textconv :app/models/poems.js
> git ls-files --stage -- /home/brett/di/app/models/poems.js
> git cat-file -s 759d859cec2122c54a0cc004bfd14bdc877709b6
> git status -z -u
> git symbolic-ref --short HEAD
> git for-each-ref --format=%(refname)%00%(upstream:short)%00%(upstream:track)%00%(objectname) refs/heads/master refs/remotes/master
> git for-each-ref --sort -committerdate --format %(refname) %(objectname) %(*objectname)
> git remote --verbose
> git config --get commit.template
> git status -z -u
> git symbolic-ref --short HEAD
> git for-each-ref --format=%(refname)%00%(upstream:short)%00%(upstream:track)%00%(objectname) refs/heads/master refs/remotes/master
> git for-each-ref --sort -committerdate --format %(refname) %(objectname) %(*objectname)
> git remote --verbose
> git config --get commit.template
> git show --textconv :index.html
> git ls-files --stage -- /home/brett/di/index.html
> git cat-file -s c70a772d2391f31f03c436459541a442de2764a4
> git show --textconv :page2.html
> git ls-files --stage -- /home/brett/di/page2.html
> git cat-file -s 697086ae3faecb65f4a935f003d0ee7622f843fa
> git status -z -u
> git symbolic-ref --short HEAD
> git for-each-ref --format=%(refname)%00%(upstream:short)%00%(upstream:track)%00%(objectname) refs/heads/master refs/remotes/master
> git for-each-ref --sort -committerdate --format %(refname) %(objectname) %(*objectname)
> git remote --verbose
> git config --get commit.template
> git status -z -u
> git symbolic-ref --short HEAD
> git for-each-ref --format=%(refname)%00%(upstream:short)%00%(upstream:track)%00%(objectname) refs/heads/master refs/remotes/master
> git for-each-ref --sort -committerdate --format %(refname) %(objectname) %(*objectname)
> git remote --verbose
> git config --get commit.template
> git add -A -- .
> git -c user.useConfigOnly=true commit --quiet --allow-empty-message --file -
> git status -z -u
> git symbolic-ref --short HEAD
> git for-each-ref --format=%(refname)%00%(upstream:short)%00%(upstream:track)%00%(objectname) refs/heads/master refs/remotes/master
> git for-each-ref --sort -committerdate --format %(refname) %(objectname) %(*objectname)
> git remote --verbose
> git config --get commit.template
> git config --get commit.template
> git ls-files --stage -- /home/brett/di/page2.html
> git cat-file -s b70e3b42300362434a3baee763809973c49bab58
> git show --textconv :page2.html
> git status -z -u
> git symbolic-ref --short HEAD
> git for-each-ref --format=%(refname)%00%(upstream:short)%00%(upstream:track)%00%(objectname) refs/heads/master refs/remotes/master
> git for-each-ref --sort -committerdate --format %(refname) %(objectname) %(*objectname)
> git remote --verbose
> git config --get commit.template
> git log --oneline --cherry master...master@{upstream} --
> git pull --tags origin master
> git ls-files --stage -- /home/brett/di/page2.html
> git cat-file -s b70e3b42300362434a3baee763809973c49bab58
> git show --textconv :page2.html
From https://github.com/desertidaho/di
 * branch            master     -> FETCH_HEAD
> git push origin master:master
> git ls-files --stage -- /home/brett/di/page2.html
> git cat-file -s b70e3b42300362434a3baee763809973c49bab58
> git show --textconv :page2.html
To https://github.com/desertidaho/di.git
   e49e26c..497d834  master -> master
> git status -z -u
> git symbolic-ref --short HEAD
> git for-each-ref --format=%(refname)%00%(upstream:short)%00%(upstream:track)%00%(objectname) refs/heads/master refs/remotes/master
> git for-each-ref --sort -committerdate --format %(refname) %(objectname) %(*objectname)
> git remote --verbose
> git config --get commit.template
> git ls-files --stage -- /home/brett/di/page2.html
> git cat-file -s b70e3b42300362434a3baee763809973c49bab58
> git show --textconv :page2.html
> git status -z -u
> git symbolic-ref --short HEAD
> git for-each-ref --format=%(refname)%00%(upstream:short)%00%(upstream:track)%00%(objectname) refs/heads/master refs/remotes/master
> git for-each-ref --sort -committerdate --format %(refname) %(objectname) %(*objectname)
> git remote --verbose
> git config --get commit.template
