Looking for git in: git
Using git 2.20.1 from git
> git rev-parse --git-dir
Open repository: /home/brett/Music-Is-Fun
> git status -z -u
> git symbolic-ref --short HEAD
> git for-each-ref --format=%(refname)%00%(upstream:short)%00%(upstream:track)%00%(objectname) refs/heads/master refs/remotes/master
> git for-each-ref --sort -committerdate --format %(refname) %(objectname) %(*objectname)
> git remote --verbose
Warning: Failed to watch ref '/home/brett/Music-Is-Fun/.git/refs/remotes/origin/master', is most likely packed.
> git config --get commit.template
> git check-ignore -v -z --stdin
> git show --textconv :index.html
> git ls-files --stage -- /home/brett/Music-Is-Fun/index.html
> git cat-file -s 913cf1b593a08fe4a928aa9bb2e20b8a890af211
> git status -z -u
> git symbolic-ref --short HEAD
> git for-each-ref --format=%(refname)%00%(upstream:short)%00%(upstream:track)%00%(objectname) refs/heads/master refs/remotes/master
> git for-each-ref --sort -committerdate --format %(refname) %(objectname) %(*objectname)
> git remote --verbose
Warning: Failed to watch ref '/home/brett/Music-Is-Fun/.git/refs/remotes/origin/master', is most likely packed.
> git config --get commit.template
> git status -z -u
> git symbolic-ref --short HEAD
> git for-each-ref --format=%(refname)%00%(upstream:short)%00%(upstream:track)%00%(objectname) refs/heads/master refs/remotes/master
> git for-each-ref --sort -committerdate --format %(refname) %(objectname) %(*objectname)
> git remote --verbose
Warning: Failed to watch ref '/home/brett/Music-Is-Fun/.git/refs/remotes/origin/master', is most likely packed.
> git config --get commit.template
> git status -z -u
> git symbolic-ref --short HEAD
> git for-each-ref --format=%(refname)%00%(upstream:short)%00%(upstream:track)%00%(objectname) refs/heads/master refs/remotes/master
> git for-each-ref --sort -committerdate --format %(refname) %(objectname) %(*objectname)
> git remote --verbose
Warning: Failed to watch ref '/home/brett/Music-Is-Fun/.git/refs/remotes/origin/master', is most likely packed.
> git config --get commit.template
> git show --textconv HEAD:index.html
> git ls-tree -l HEAD -- /home/brett/Music-Is-Fun/index.html
> git log --format=%H%n%aN%n%aE%n%at%n%ct%n%P%n%B -z -n21 -- /home/brett/Music-Is-Fun/index.html
> git show --textconv :index.html
> git ls-files --stage -- /home/brett/Music-Is-Fun/index.html
> git cat-file -s 913cf1b593a08fe4a928aa9bb2e20b8a890af211
> git check-ignore -v -z --stdin
> git show --textconv :app/components/Itunes/itunes-controller.js
> git ls-files --stage -- /home/brett/Music-Is-Fun/app/components/Itunes/itunes-controller.js
> git cat-file -s bd4af6ef1b7886513e8493fded157b593c703c64
> git show --textconv :index.html
> git ls-files --stage -- /home/brett/Music-Is-Fun/index.html
> git cat-file -s 913cf1b593a08fe4a928aa9bb2e20b8a890af211
> git show --textconv :app/components/Itunes/itunes-controller.js
> git ls-files --stage -- /home/brett/Music-Is-Fun/app/components/Itunes/itunes-controller.js
> git cat-file -s bd4af6ef1b7886513e8493fded157b593c703c64
> git show --textconv :index.html
> git ls-files --stage -- /home/brett/Music-Is-Fun/index.html
> git cat-file -s 913cf1b593a08fe4a928aa9bb2e20b8a890af211
> git show --textconv :app/main.js
> git ls-files --stage -- /home/brett/Music-Is-Fun/app/main.js
> git cat-file -s 843a5677f555aba3ab01bd73b37589aeff7ca959
> git show --textconv :index.html
> git ls-files --stage -- /home/brett/Music-Is-Fun/index.html
> git cat-file -s 913cf1b593a08fe4a928aa9bb2e20b8a890af211
> git show --textconv :app/components/Itunes/itunes-controller.js
> git ls-files --stage -- /home/brett/Music-Is-Fun/app/components/Itunes/itunes-controller.js
> git cat-file -s bd4af6ef1b7886513e8493fded157b593c703c64
> git show --textconv :app/components/Itunes/itunes-service.js
> git ls-files --stage -- /home/brett/Music-Is-Fun/app/components/Itunes/itunes-service.js
> git cat-file -s 523aed16138d52a6185345cc6dc897d0234c3ff2
> git show --textconv :index.html
> git ls-files --stage -- /home/brett/Music-Is-Fun/index.html
> git cat-file -s 913cf1b593a08fe4a928aa9bb2e20b8a890af211
> git show --textconv :app/components/Itunes/itunes-controller.js
> git ls-files --stage -- /home/brett/Music-Is-Fun/app/components/Itunes/itunes-controller.js
> git cat-file -s bd4af6ef1b7886513e8493fded157b593c703c64
> git show --textconv :index.html
> git ls-files --stage -- /home/brett/Music-Is-Fun/index.html
> git cat-file -s 913cf1b593a08fe4a928aa9bb2e20b8a890af211
> git check-ignore -v -z --stdin
> git show --textconv :app/models/Song.js
> git ls-files --stage -- /home/brett/Music-Is-Fun/app/models/Song.js
> git cat-file -s 05d757252869365174c61ef5f16ba8eff510df82
> git show --textconv :index.html
> git ls-files --stage -- /home/brett/Music-Is-Fun/index.html
> git cat-file -s 913cf1b593a08fe4a928aa9bb2e20b8a890af211
> git status -z -u
> git symbolic-ref --short HEAD
> git for-each-ref --format=%(refname)%00%(upstream:short)%00%(upstream:track)%00%(objectname) refs/heads/master refs/remotes/master
> git for-each-ref --sort -committerdate --format %(refname) %(objectname) %(*objectname)
> git remote --verbose
Warning: Failed to watch ref '/home/brett/Music-Is-Fun/.git/refs/remotes/origin/master', is most likely packed.
> git config --get commit.template
> git add -A -- .
> git -c user.useConfigOnly=true commit --quiet --allow-empty-message --file -
> git status -z -u
> git symbolic-ref --short HEAD
> git for-each-ref --format=%(refname)%00%(upstream:short)%00%(upstream:track)%00%(objectname) refs/heads/master refs/remotes/master
> git for-each-ref --sort -committerdate --format %(refname) %(objectname) %(*objectname)
> git remote --verbose
Warning: Failed to watch ref '/home/brett/Music-Is-Fun/.git/refs/remotes/origin/master', is most likely packed.
> git config --get commit.template
> git config --get commit.template
> git ls-files --stage -- /home/brett/Music-Is-Fun/index.html
> git cat-file -s e0c1845f5534765dbbe6d36f14b05419a7f7c60d
> git show --textconv :index.html
> git status -z -u
> git symbolic-ref --short HEAD
> git for-each-ref --format=%(refname)%00%(upstream:short)%00%(upstream:track)%00%(objectname) refs/heads/master refs/remotes/master
> git for-each-ref --sort -committerdate --format %(refname) %(objectname) %(*objectname)
> git remote --verbose
Warning: Failed to watch ref '/home/brett/Music-Is-Fun/.git/refs/remotes/origin/master', is most likely packed.
> git config --get commit.template
> git log --oneline --cherry master...master@{upstream} --
> git pull --tags origin master
> git ls-files --stage -- /home/brett/Music-Is-Fun/index.html
> git cat-file -s e0c1845f5534765dbbe6d36f14b05419a7f7c60d
> git show --textconv :index.html
From https://github.com/desertidaho/Music-Is-Fun
 * branch            master     -> FETCH_HEAD
> git push origin master:master
> git ls-files --stage -- /home/brett/Music-Is-Fun/index.html
> git cat-file -s e0c1845f5534765dbbe6d36f14b05419a7f7c60d
> git show --textconv :index.html
To https://github.com/desertidaho/Music-Is-Fun.git
   444ed4c..ff7fec1  master -> master
> git status -z -u
> git symbolic-ref --short HEAD
> git for-each-ref --format=%(refname)%00%(upstream:short)%00%(upstream:track)%00%(objectname) refs/heads/master refs/remotes/master
> git for-each-ref --sort -committerdate --format %(refname) %(objectname) %(*objectname)
> git remote --verbose
> git config --get commit.template
> git log --format=%H%n%aN%n%aE%n%at%n%ct%n%P%n%B -z -n21 -- /home/brett/Music-Is-Fun/index.html
> git show --textconv :app/main.js
> git ls-files --stage -- /home/brett/Music-Is-Fun/app/main.js
> git cat-file -s 843a5677f555aba3ab01bd73b37589aeff7ca959
> git show --textconv :app/models/Song.js
> git ls-files --stage -- /home/brett/Music-Is-Fun/app/models/Song.js
> git cat-file -s 05d757252869365174c61ef5f16ba8eff510df82
> git show --textconv :app/components/Itunes/itunes-service.js
> git ls-files --stage -- /home/brett/Music-Is-Fun/app/components/Itunes/itunes-service.js
> git cat-file -s 523aed16138d52a6185345cc6dc897d0234c3ff2
> git show --textconv :app/components/Itunes/itunes-controller.js
> git ls-files --stage -- /home/brett/Music-Is-Fun/app/components/Itunes/itunes-controller.js
> git cat-file -s bd4af6ef1b7886513e8493fded157b593c703c64
> git status -z -u
> git symbolic-ref --short HEAD
> git for-each-ref --format=%(refname)%00%(upstream:short)%00%(upstream:track)%00%(objectname) refs/heads/master refs/remotes/master
> git for-each-ref --sort -committerdate --format %(refname) %(objectname) %(*objectname)
> git remote --verbose
> git config --get commit.template
> git check-ignore -v -z --stdin
> git show --textconv :assets/style.css
> git ls-files --stage -- /home/brett/Music-Is-Fun/assets/style.css
> git cat-file -s 978352269d4d409b8423e9505fef24ee04b78be8
> git show --textconv :app/models/Song.js
> git ls-files --stage -- /home/brett/Music-Is-Fun/app/models/Song.js
> git cat-file -s 05d757252869365174c61ef5f16ba8eff510df82
> git show --textconv :assets/style.css
> git ls-files --stage -- /home/brett/Music-Is-Fun/assets/style.css
> git cat-file -s 978352269d4d409b8423e9505fef24ee04b78be8
> git show --textconv :index.html
> git ls-files --stage -- /home/brett/Music-Is-Fun/index.html
> git cat-file -s e0c1845f5534765dbbe6d36f14b05419a7f7c60d
> git status -z -u
> git symbolic-ref --short HEAD
> git for-each-ref --format=%(refname)%00%(upstream:short)%00%(upstream:track)%00%(objectname) refs/heads/master refs/remotes/master
> git for-each-ref --sort -committerdate --format %(refname) %(objectname) %(*objectname)
> git remote --verbose
> git config --get commit.template
> git show --textconv :assets/style.css
> git ls-files --stage -- /home/brett/Music-Is-Fun/assets/style.css
> git cat-file -s 978352269d4d409b8423e9505fef24ee04b78be8
> git show --textconv :index.html
> git ls-files --stage -- /home/brett/Music-Is-Fun/index.html
> git cat-file -s e0c1845f5534765dbbe6d36f14b05419a7f7c60d
> git status -z -u
> git symbolic-ref --short HEAD
> git for-each-ref --format=%(refname)%00%(upstream:short)%00%(upstream:track)%00%(objectname) refs/heads/master refs/remotes/master
> git for-each-ref --sort -committerdate --format %(refname) %(objectname) %(*objectname)
> git remote --verbose
> git config --get commit.template
> git show --textconv :assets/style.css
> git ls-files --stage -- /home/brett/Music-Is-Fun/assets/style.css
> git cat-file -s 978352269d4d409b8423e9505fef24ee04b78be8
> git status -z -u
> git symbolic-ref --short HEAD
> git for-each-ref --format=%(refname)%00%(upstream:short)%00%(upstream:track)%00%(objectname) refs/heads/master refs/remotes/master
> git for-each-ref --sort -committerdate --format %(refname) %(objectname) %(*objectname)
> git remote --verbose
> git config --get commit.template
> git show --textconv :index.html
> git ls-files --stage -- /home/brett/Music-Is-Fun/index.html
> git cat-file -s e0c1845f5534765dbbe6d36f14b05419a7f7c60d
> git show --textconv :assets/style.css
> git ls-files --stage -- /home/brett/Music-Is-Fun/assets/style.css
> git cat-file -s 978352269d4d409b8423e9505fef24ee04b78be8
> git status -z -u
> git symbolic-ref --short HEAD
> git for-each-ref --format=%(refname)%00%(upstream:short)%00%(upstream:track)%00%(objectname) refs/heads/master refs/remotes/master
> git for-each-ref --sort -committerdate --format %(refname) %(objectname) %(*objectname)
> git remote --verbose
> git config --get commit.template
> git status -z -u
> git symbolic-ref --short HEAD
> git for-each-ref --format=%(refname)%00%(upstream:short)%00%(upstream:track)%00%(objectname) refs/heads/master refs/remotes/master
> git for-each-ref --sort -committerdate --format %(refname) %(objectname) %(*objectname)
> git remote --verbose
> git config --get commit.template
> git add -A -- .
> git -c user.useConfigOnly=true commit --quiet --allow-empty-message --file -
> git status -z -u
> git symbolic-ref --short HEAD
> git for-each-ref --format=%(refname)%00%(upstream:short)%00%(upstream:track)%00%(objectname) refs/heads/master refs/remotes/master
> git for-each-ref --sort -committerdate --format %(refname) %(objectname) %(*objectname)
> git remote --verbose
> git config --get commit.template
> git config --get commit.template
> git ls-files --stage -- /home/brett/Music-Is-Fun/assets/style.css
> git cat-file -s 79d56e4da50aa0feb47067bcf64701b8142eaa02
> git show --textconv :assets/style.css
> git status -z -u
> git symbolic-ref --short HEAD
> git for-each-ref --format=%(refname)%00%(upstream:short)%00%(upstream:track)%00%(objectname) refs/heads/master refs/remotes/master
> git for-each-ref --sort -committerdate --format %(refname) %(objectname) %(*objectname)
> git remote --verbose
> git config --get commit.template
> git show --textconv :index.html
> git ls-files --stage -- /home/brett/Music-Is-Fun/index.html
> git cat-file -s 1fa91fe3e066d36264224e99878df3fc140fc48c
> git log --oneline --cherry master...master@{upstream} --
> git pull --tags origin master
> git ls-files --stage -- /home/brett/Music-Is-Fun/index.html
> git cat-file -s 1fa91fe3e066d36264224e99878df3fc140fc48c
> git show --textconv :index.html
From https://github.com/desertidaho/Music-Is-Fun
 * branch            master     -> FETCH_HEAD
> git push origin master:master
> git ls-files --stage -- /home/brett/Music-Is-Fun/index.html
> git cat-file -s 1fa91fe3e066d36264224e99878df3fc140fc48c
> git show --textconv :index.html
To https://github.com/desertidaho/Music-Is-Fun.git
   ff7fec1..ed9a0cf  master -> master
> git status -z -u
> git symbolic-ref --short HEAD
> git for-each-ref --format=%(refname)%00%(upstream:short)%00%(upstream:track)%00%(objectname) refs/heads/master refs/remotes/master
> git for-each-ref --sort -committerdate --format %(refname) %(objectname) %(*objectname)
> git remote --verbose
> git config --get commit.template
> git ls-files --stage -- /home/brett/Music-Is-Fun/index.html
> git cat-file -s 1fa91fe3e066d36264224e99878df3fc140fc48c
> git show --textconv :index.html
> git status -z -u
> git symbolic-ref --short HEAD
> git for-each-ref --format=%(refname)%00%(upstream:short)%00%(upstream:track)%00%(objectname) refs/heads/master refs/remotes/master
> git for-each-ref --sort -committerdate --format %(refname) %(objectname) %(*objectname)
> git remote --verbose
> git config --get commit.template
> git log --oneline --cherry master...master@{upstream} --
> git pull --tags origin master
From https://github.com/desertidaho/Music-Is-Fun
 * branch            master     -> FETCH_HEAD
   ed9a0cf..677883a  master     -> origin/master
> git status -z -u
> git symbolic-ref --short HEAD
> git for-each-ref --format=%(refname)%00%(upstream:short)%00%(upstream:track)%00%(objectname) refs/heads/master refs/remotes/master
> git for-each-ref --sort -committerdate --format %(refname) %(objectname) %(*objectname)
> git remote --verbose
> git config --get commit.template
> git ls-files --stage -- /home/brett/Music-Is-Fun/index.html
> git cat-file -s 1fa91fe3e066d36264224e99878df3fc140fc48c
> git show --textconv :index.html
> git status -z -u
> git symbolic-ref --short HEAD
> git for-each-ref --format=%(refname)%00%(upstream:short)%00%(upstream:track)%00%(objectname) refs/heads/master refs/remotes/master
> git for-each-ref --sort -committerdate --format %(refname) %(objectname) %(*objectname)
> git remote --verbose
> git config --get commit.template
