Looking for git in: git
Using git 2.20.1 from git
> git rev-parse --git-dir
Open repository: /home/brett/di
> git status -z -u
> git symbolic-ref --short HEAD
> git for-each-ref --format=%(refname)%00%(upstream:short)%00%(upstream:track)%00%(objectname) refs/heads/master refs/remotes/master
> git for-each-ref --sort -committerdate --format %(refname) %(objectname) %(*objectname)
> git remote --verbose
> git config --get commit.template
> git show --textconv :index.html
> git ls-files --stage -- /home/brett/di/index.html
> git cat-file -s c70a772d2391f31f03c436459541a442de2764a4
> git check-ignore -v -z --stdin
> git check-ignore -v -z --stdin
> git checkout -q -- /home/brett/di/CNAME /home/brett/di/ads.txt /home/brett/di/android-chrome-192x192.png /home/brett/di/android-chrome-512x512.png /home/brett/di/app/components/poems/poemsController.js /home/brett/di/app/components/poems/poemsService.js /home/brett/di/app/main.js /home/brett/di/app/models/poems.js /home/brett/di/apple-touch-icon.png /home/brett/di/assets/audio/aBeautifulLife.wav /home/brett/di/assets/audio/aManOfCourage.wav /home/brett/di/assets/audio/aManWalkingAlone.wav /home/brett/di/assets/audio/aMenacingKnight.wav /home/brett/di/assets/audio/aStranger.wav /home/brett/di/assets/audio/aThousand.wav /home/brett/di/assets/audio/aTiredMan.wav /home/brett/di/assets/audio/acrossTheUniverse.wav /home/brett/di/assets/audio/andWhat.wav /home/brett/di/assets/audio/asYouMoveBoldly.wav /home/brett/di/assets/audio/asteroidsOrbit.wav /home/brett/di/assets/audio/beganToDrift.wav /home/brett/di/assets/audio/birds.wav /home/brett/di/assets/audio/bornInDryDesert.wav /home/brett/di/assets/audio/boundariesAreDrawn.wav /home/brett/di/assets/audio/canyonAlpenglow.wav /home/brett/di/assets/audio/chaosOfRipples.wav /home/brett/di/assets/audio/chaseAfterTheMystery.wav /home/brett/di/assets/audio/crippledInSpirit.wav /home/brett/di/assets/audio/dancingSilently.wav /home/brett/di/assets/audio/desertDetermination.wav /home/brett/di/assets/audio/desertIdaho.wav /home/brett/di/assets/audio/diveHeadlong.wav /home/brett/di/assets/audio/dutyToAdventure.wav /home/brett/di/assets/audio/earth.wav /home/brett/di/assets/audio/evenTheTruest.wav /home/brett/di/assets/audio/falconWings.wav /home/brett/di/assets/audio/falseHorizon.wav /home/brett/di/assets/audio/firstRaindrops.wav /home/brett/di/assets/audio/flaubertianStruggle.wav /home/brett/di/assets/audio/happyPeople.wav /home/brett/di/assets/audio/heRan.wav /home/brett/di/assets/audio/hereBefore.wav /home/brett/di/assets/audio/hopsVines.wav /home/brett/di/assets/audio/iFeelDifferently.wav /home/brett/di/assets/audio/iRefuse.wav /home/brett/di/assets/audio/itsAChoiceToBeKind.wav /home/brett/di/assets/audio/laSilla.wav /home/brett/di/assets/audio/lastBreathLeavesYou.wav /home/brett/di/assets/audio/letTheWater.wav /home/brett/di/assets/audio/livePoetically.wav /home/brett/di/assets/audio/memoriesOfAnotherTime.wav /home/brett/di/assets/audio/misstepsOfGoodIntentions.wav /home/brett/di/assets/audio/myGrandfathersShop.wav /home/brett/di/assets/audio/nationalEmpire.wav /home/brett/di/assets/audio/navigatingAGalaxy.wav /home/brett/di/assets/audio/nearToTheCanyon.wav /home/brett/di/assets/audio/newsSwirls.wav /home/brett/di/assets/audio/nunavut.wav /home/brett/di/assets/audio/objectiveView.wav /home/brett/di/assets/audio/painfullyTrue.wav /home/brett/di/assets/audio/pastPresent.wav /home/brett/di/assets/audio/peacefulAcquiescence.wav /home/brett/di/assets/audio/primordialRoutine.wav /home/brett/di/assets/audio/questionTime.wav /home/brett/di/assets/audio/rightNow.wav /home/brett/di/assets/audio/sansAnesthesia.wav /home/brett/di/assets/audio/shadeTree.wav /home/brett/di/assets/audio/sheepRoam.wav /home/brett/di/assets/audio/shiftingSeas.wav /home/brett/di/assets/audio/socialAmnesia.wav /home/brett/di/assets/audio/symphonyOfAliveness.wav /home/brett/di/assets/audio/theGreatDesire.wav /home/brett/di/assets/audio/theQuietTree.wav /home/brett/di/assets/audio/thunderStorms.wav /home/brett/di/assets/audio/timeAndAgain.wav /home/brett/di/assets/audio/toCare.wav /home/brett/di/assets/audio/towardTheDistantMountain.wav /home/brett/di/assets/audio/transientCurrents.wav /home/brett/di/assets/audio/trespassInItsResplendence.wav /home/brett/di/assets/audio/trustLove.wav /home/brett/di/assets/audio/tyrannyAfoot.wav /home/brett/di/assets/audio/unexpectedDeparture.wav /home/brett/di/assets/audio/valiantAndOtherwise.wav /home/brett/di/assets/audio/wanderingWinds.wav /home/brett/di/assets/audio/wantingCeaselessly.wav /home/brett/di/assets/audio/washesCleanThePast.wav /home/brett/di/assets/audio/waterKeepsCalm.wav /home/brett/di/assets/audio/windPaints.wav /home/brett/di/assets/audio/wintersThaw.wav /home/brett/di/assets/audio/yakutatBayCrossing.wav /home/brett/di/assets/audio/youWillKnowMe.wav /home/brett/di/assets/images/aBeautifulLife.jpg /home/brett/di/assets/images/aManOfCourage.jpg /home/brett/di/assets/images/aManWalkingAlone.jpg /home/brett/di/assets/images/aMenacingKnight.jpg /home/brett/di/assets/images/aStranger.jpg /home/brett/di/assets/images/aThousand.jpg /home/brett/di/assets/images/acrossTheUniverse.jpg /home/brett/di/assets/images/andWhat.jpg /home/brett/di/assets/images/asYouMoveBoldly.jpg /home/brett/di/assets/images/asteroidsOrbit.jpg /home/brett/di/assets/images/beganToDrift.jpg /home/brett/di/assets/images/birds.jpg /home/brett/di/assets/images/bornInDryDesert.jpg /home/brett/di/assets/images/boundariesAreDrawn.jpg /home/brett/di/assets/images/canyonAlpenglow.jpg /home/brett/di/assets/images/chaosOfRipples.jpg /home/brett/di/assets/images/chaseAfterTheMystery.jpg /home/brett/di/assets/images/crippledInSpirit.jpg /home/brett/di/assets/images/dancingSilently.jpg /home/brett/di/assets/images/desertDetermination.jpg /home/brett/di/assets/images/desertIdaho.jpg /home/brett/di/assets/images/desertidahobook.png /home/brett/di/assets/images/diveHeadlong.jpg /home/brett/di/assets/images/dutyToAdventure.jpg /home/brett/di/assets/images/earth.jpg /home/brett/di/assets/images/evenTheTruest.jpg /home/brett/di/assets/images/falconWings.jpg /home/brett/di/assets/images/falseHorizon.jpg /home/brett/di/assets/images/firstRaindrops.jpg /home/brett/di/assets/images/flaubertianStruggle.jpg /home/brett/di/assets/images/happyPeople.jpg /home/brett/di/assets/images/heRan.jpg /home/brett/di/assets/images/hereBefore.jpg /home/brett/di/assets/images/hopsVines.jpg /home/brett/di/assets/images/iFeelDifferently.jpg /home/brett/di/assets/images/iRefuse.jpg /home/brett/di/assets/images/itsAChoiceToBeKind.jpg /home/brett/di/assets/images/laSilla.jpg /home/brett/di/assets/images/lastBreathLeavesYou.jpg /home/brett/di/assets/images/letTheWater.jpg /home/brett/di/assets/images/livePoetically.jpg /home/brett/di/assets/images/memoriesOfAnotherTime.jpg /home/brett/di/assets/images/misstepsOfGoodIntentions.jpg /home/brett/di/assets/images/myGrandfathersShop.jpg /home/brett/di/assets/images/nationalEmpire.jpg /home/brett/di/assets/images/navigatingAGalaxy.jpg /home/brett/di/assets/images/nearToTheCanyon.jpg /home/brett/di/assets/images/newsSwirls.jpg /home/brett/di/assets/images/nunavut.jpg /home/brett/di/assets/images/objectiveView.jpg /home/brett/di/assets/images/painfullyTrue.jpg /home/brett/di/assets/images/pastPresent.jpg /home/brett/di/assets/images/peacefulAcquiescence.jpg /home/brett/di/assets/images/primordialRoutine.jpg /home/brett/di/assets/images/questionTime.jpg /home/brett/di/assets/images/rightNow.jpg /home/brett/di/assets/images/sansAnesthesia.jpg /home/brett/di/assets/images/shadeTree.jpg /home/brett/di/assets/images/sheepRoam.jpg /home/brett/di/assets/images/shiftingSeas.jpg /home/brett/di/assets/images/socialAmnesia.jpg /home/brett/di/assets/images/symphonyOfAliveness.jpg /home/brett/di/assets/images/theGreatDesire.jpg /home/brett/di/assets/images/theQuietTree.jpg /home/brett/di/assets/images/thesungiphy (1).gif /home/brett/di/assets/images/thesungiphy.gif /home/brett/di/assets/images/thunderStorms.jpg /home/brett/di/assets/images/timeAndAgain.jpg /home/brett/di/assets/images/toCare.jpg /home/brett/di/assets/images/towardTheDistantMountain.jpg /home/brett/di/assets/images/transientCurrents.jpg /home/brett/di/assets/images/transparent-sun.png /home/brett/di/assets/images/trespassInItsResplendence.jpg /home/brett/di/assets/images/trustLove.jpg /home/brett/di/assets/images/tyrannyAfoot.jpg /home/brett/di/assets/images/unexpectedDeparture.jpg /home/brett/di/assets/images/valiantAndOtherwise.jpg /home/brett/di/assets/images/wanderingWinds.jpg /home/brett/di/assets/images/wantingCeaselessly.jpg /home/brett/di/assets/images/washesCleanThePast.jpg /home/brett/di/assets/images/waterKeepsCalm.jpg /home/brett/di/assets/images/windPaints.jpg /home/brett/di/assets/images/wintersThaw.jpg /home/brett/di/assets/images/yakutatBayCrossing.jpg /home/brett/di/assets/images/youWillKnowMe.jpg /home/brett/di/assets/poems/poems1.js /home/brett/di/assets/poems/poems2.js /home/brett/di/favicon-16x16.png /home/brett/di/favicon-32x32.png /home/brett/di/favicon.ico /home/brett/di/index.html /home/brett/di/page2.html
> git status -z -u
> git symbolic-ref --short HEAD
> git for-each-ref --format=%(refname)%00%(upstream:short)%00%(upstream:track)%00%(objectname) refs/heads/master refs/remotes/master
> git for-each-ref --sort -committerdate --format %(refname) %(objectname) %(*objectname)
> git remote --verbose
> git config --get commit.template
> git ls-files --stage -- /home/brett/di/index.html
> git cat-file -s c70a772d2391f31f03c436459541a442de2764a4
> git show --textconv :index.html
> git status -z -u
> git symbolic-ref --short HEAD
> git for-each-ref --format=%(refname)%00%(upstream:short)%00%(upstream:track)%00%(objectname) refs/heads/master refs/remotes/master
> git for-each-ref --sort -committerdate --format %(refname) %(objectname) %(*objectname)
> git remote --verbose
> git config --get commit.template
> git log --format=%H%n%aN%n%aE%n%at%n%ct%n%P%n%B -z -n21 -- /home/brett/di/index.html
> git status -z -u
> git symbolic-ref --short HEAD
> git for-each-ref --format=%(refname)%00%(upstream:short)%00%(upstream:track)%00%(objectname) refs/heads/master refs/remotes/master
> git for-each-ref --sort -committerdate --format %(refname) %(objectname) %(*objectname)
> git remote --verbose
> git config --get commit.template
> git check-ignore -v -z --stdin
> git check-ignore -v -z --stdin
> git show --textconv :app/models/poems.js
> git ls-files --stage -- /home/brett/di/app/models/poems.js
> git cat-file -s 759d859cec2122c54a0cc004bfd14bdc877709b6
> git show --textconv :index.html
> git ls-files --stage -- /home/brett/di/index.html
> git cat-file -s c70a772d2391f31f03c436459541a442de2764a4
> git status -z -u
> git symbolic-ref --short HEAD
> git for-each-ref --format=%(refname)%00%(upstream:short)%00%(upstream:track)%00%(objectname) refs/heads/master refs/remotes/master
> git for-each-ref --sort -committerdate --format %(refname) %(objectname) %(*objectname)
> git remote --verbose
> git config --get commit.template
> git show --textconv :app/models/poems.js
> git ls-files --stage -- /home/brett/di/app/models/poems.js
> git cat-file -s 759d859cec2122c54a0cc004bfd14bdc877709b6
> git status -z -u
> git symbolic-ref --short HEAD
> git for-each-ref --format=%(refname)%00%(upstream:short)%00%(upstream:track)%00%(objectname) refs/heads/master refs/remotes/master
> git for-each-ref --sort -committerdate --format %(refname) %(objectname) %(*objectname)
> git remote --verbose
> git config --get commit.template
> git status -z -u
> git symbolic-ref --short HEAD
> git for-each-ref --format=%(refname)%00%(upstream:short)%00%(upstream:track)%00%(objectname) refs/heads/master refs/remotes/master
> git for-each-ref --sort -committerdate --format %(refname) %(objectname) %(*objectname)
> git remote --verbose
> git config --get commit.template
> git status -z -u
> git symbolic-ref --short HEAD
> git for-each-ref --format=%(refname)%00%(upstream:short)%00%(upstream:track)%00%(objectname) refs/heads/master refs/remotes/master
> git for-each-ref --sort -committerdate --format %(refname) %(objectname) %(*objectname)
> git remote --verbose
> git config --get commit.template
> git status -z -u
> git symbolic-ref --short HEAD
> git for-each-ref --format=%(refname)%00%(upstream:short)%00%(upstream:track)%00%(objectname) refs/heads/master refs/remotes/master
> git for-each-ref --sort -committerdate --format %(refname) %(objectname) %(*objectname)
> git remote --verbose
> git config --get commit.template
> git status -z -u
> git symbolic-ref --short HEAD
> git for-each-ref --format=%(refname)%00%(upstream:short)%00%(upstream:track)%00%(objectname) refs/heads/master refs/remotes/master
> git for-each-ref --sort -committerdate --format %(refname) %(objectname) %(*objectname)
> git remote --verbose
> git config --get commit.template
> git show --textconv :index.html
> git ls-files --stage -- /home/brett/di/index.html
> git cat-file -s c70a772d2391f31f03c436459541a442de2764a4
> git show --textconv :page2.html
> git ls-files --stage -- /home/brett/di/page2.html
> git cat-file -s 697086ae3faecb65f4a935f003d0ee7622f843fa
> git show --textconv :index.html
> git ls-files --stage -- /home/brett/di/index.html
> git cat-file -s c70a772d2391f31f03c436459541a442de2764a4
> git show --textconv :page2.html
> git ls-files --stage -- /home/brett/di/page2.html
> git cat-file -s 697086ae3faecb65f4a935f003d0ee7622f843fa
> git status -z -u
> git symbolic-ref --short HEAD
> git for-each-ref --format=%(refname)%00%(upstream:short)%00%(upstream:track)%00%(objectname) refs/heads/master refs/remotes/master
> git for-each-ref --sort -committerdate --format %(refname) %(objectname) %(*objectname)
> git remote --verbose
> git config --get commit.template
> git show --textconv HEAD:index.html
> git ls-tree -l HEAD -- /home/brett/di/index.html
> git show --textconv :page2.html
> git ls-files --stage -- /home/brett/di/page2.html
> git cat-file -s 697086ae3faecb65f4a935f003d0ee7622f843fa
> git show --textconv :app/models/poems.js
> git ls-files --stage -- /home/brett/di/app/models/poems.js
> git cat-file -s 759d859cec2122c54a0cc004bfd14bdc877709b6
