Looking for git in: git
Using git 2.20.1 from git
> git rev-parse --git-dir
Open repository: /home/brett/Music-Is-Fun
> git status -z -u
> git symbolic-ref --short HEAD
> git for-each-ref --format=%(refname)%00%(upstream:short)%00%(upstream:track)%00%(objectname) refs/heads/master refs/remotes/master
> git for-each-ref --sort -committerdate --format %(refname) %(objectname) %(*objectname)
> git remote --verbose
> git config --get commit.template
> git check-ignore -v -z --stdin
> git show --textconv :index.html
> git ls-files --stage -- /home/brett/Music-Is-Fun/index.html
> git check-ignore -v -z --stdin
> git cat-file -s 1fa91fe3e066d36264224e99878df3fc140fc48c
> git log --oneline --cherry master...master@{upstream} --
> git pull --tags origin master
> git ls-files --stage -- /home/brett/Music-Is-Fun/index.html
> git cat-file -s 1fa91fe3e066d36264224e99878df3fc140fc48c
> git show --textconv :index.html
From https://github.com/desertidaho/Music-Is-Fun
 * branch            master     -> FETCH_HEAD
   677883a..fa9e1f1  master     -> origin/master
> git status -z -u
> git symbolic-ref --short HEAD
> git for-each-ref --format=%(refname)%00%(upstream:short)%00%(upstream:track)%00%(objectname) refs/heads/master refs/remotes/master
> git for-each-ref --sort -committerdate --format %(refname) %(objectname) %(*objectname)
> git remote --verbose
> git config --get commit.template
> git ls-files --stage -- /home/brett/Music-Is-Fun/index.html
> git cat-file -s 1fa91fe3e066d36264224e99878df3fc140fc48c
> git show --textconv :index.html
> git status -z -u
> git symbolic-ref --short HEAD
> git for-each-ref --format=%(refname)%00%(upstream:short)%00%(upstream:track)%00%(objectname) refs/heads/master refs/remotes/master
> git for-each-ref --sort -committerdate --format %(refname) %(objectname) %(*objectname)
> git remote --verbose
> git config --get commit.template
